2025-05-22T00:01:27.418+07:00  INFO 10168 --- [instagram] [SpringApplicationShutdownHook] o.s.b.w.e.tomcat.GracefulShutdown        : Commencing graceful shutdown. Waiting for active requests to complete
2025-05-22T00:01:27.578+07:00  INFO 10168 --- [instagram] [tomcat-shutdown] o.s.b.w.e.tomcat.GracefulShutdown        : Graceful shutdown complete
2025-05-22T00:01:27.663+07:00  INFO 10168 --- [instagram] [SpringApplicationShutdownHook] j.LocalContainerEntityManagerFactoryBean : Closing JPA EntityManagerFactory for persistence unit 'default'
2025-05-22T00:01:27.793+07:00  INFO 10168 --- [instagram] [SpringApplicationShutdownHook] com.zaxxer.hikari.HikariDataSource       : HikariPool-1 - Shutdown initiated...
2025-05-22T00:01:27.884+07:00  INFO 10168 --- [instagram] [SpringApplicationShutdownHook] com.zaxxer.hikari.HikariDataSource       : HikariPool-1 - Shutdown completed.
2025-05-22T00:01:36.746+07:00  INFO 10284 --- [instagram] [main] c.d.instagram.InstagramApplication       : Starting InstagramApplication using Java 21.0.2 with PID 10284 (E:\doAnThietKeKienTrucPhanMem\instagram\instagram\target\classes started by Admin in E:\doAnThietKeKienTrucPhanMem\instagram\instagram)
2025-05-22T00:01:36.749+07:00  INFO 10284 --- [instagram] [main] c.d.instagram.InstagramApplication       : No active profile set, falling back to 1 default profile: "default"
2025-05-22T00:01:37.940+07:00  INFO 10284 --- [instagram] [main] .s.d.r.c.RepositoryConfigurationDelegate : Bootstrapping Spring Data JPA repositories in DEFAULT mode.
2025-05-22T00:01:38.069+07:00  INFO 10284 --- [instagram] [main] .s.d.r.c.RepositoryConfigurationDelegate : Finished Spring Data repository scanning in 119 ms. Found 8 JPA repository interfaces.
2025-05-22T00:01:38.808+07:00  INFO 10284 --- [instagram] [main] o.s.b.w.embedded.tomcat.TomcatWebServer  : Tomcat initialized with port 8080 (http)
2025-05-22T00:01:38.824+07:00  INFO 10284 --- [instagram] [main] o.apache.catalina.core.StandardService   : Starting service [Tomcat]
2025-05-22T00:01:38.824+07:00  INFO 10284 --- [instagram] [main] o.apache.catalina.core.StandardEngine    : Starting Servlet engine: [Apache Tomcat/10.1.39]
2025-05-22T00:01:38.902+07:00  INFO 10284 --- [instagram] [main] o.a.c.c.C.[Tomcat].[localhost].[/]       : Initializing Spring embedded WebApplicationContext
2025-05-22T00:01:38.903+07:00  INFO 10284 --- [instagram] [main] w.s.c.ServletWebServerApplicationContext : Root WebApplicationContext: initialization completed in 2096 ms
2025-05-22T00:01:39.095+07:00  INFO 10284 --- [instagram] [main] o.hibernate.jpa.internal.util.LogHelper  : HHH000204: Processing PersistenceUnitInfo [name: default]
2025-05-22T00:01:39.161+07:00  INFO 10284 --- [instagram] [main] org.hibernate.Version                    : HHH000412: Hibernate ORM core version 6.6.11.Final
2025-05-22T00:01:39.201+07:00  INFO 10284 --- [instagram] [main] o.h.c.internal.RegionFactoryInitiator    : HHH000026: Second-level cache disabled
2025-05-22T00:01:39.518+07:00  INFO 10284 --- [instagram] [main] o.s.o.j.p.SpringPersistenceUnitInfo      : No LoadTimeWeaver setup: ignoring JPA class transformer
2025-05-22T00:01:39.553+07:00  INFO 10284 --- [instagram] [main] com.zaxxer.hikari.HikariDataSource       : HikariPool-1 - Starting...
2025-05-22T00:01:39.981+07:00  INFO 10284 --- [instagram] [main] com.zaxxer.hikari.pool.HikariPool        : HikariPool-1 - Added connection com.mysql.cj.jdbc.ConnectionImpl@350567f1
2025-05-22T00:01:39.983+07:00  INFO 10284 --- [instagram] [main] com.zaxxer.hikari.HikariDataSource       : HikariPool-1 - Start completed.
2025-05-22T00:01:40.076+07:00  INFO 10284 --- [instagram] [main] org.hibernate.orm.connections.pooling    : HHH10001005: Database info:
	Database JDBC URL [Connecting through datasource 'HikariDataSource (HikariPool-1)']
	Database driver: undefined/unknown
	Database version: 8.3
	Autocommit mode: undefined/unknown
	Isolation level: undefined/unknown
	Minimum pool size: undefined/unknown
	Maximum pool size: undefined/unknown
2025-05-22T00:01:41.211+07:00  INFO 10284 --- [instagram] [main] o.h.e.t.j.p.i.JtaPlatformInitiator       : HHH000489: No JTA platform available (set 'hibernate.transaction.jta.platform' to enable JTA platform integration)
2025-05-22T00:01:41.341+07:00  INFO 10284 --- [instagram] [main] j.LocalContainerEntityManagerFactoryBean : Initialized JPA EntityManagerFactory for persistence unit 'default'
2025-05-22T00:01:41.783+07:00  INFO 10284 --- [instagram] [main] eAuthenticationProviderManagerConfigurer : Global AuthenticationManager configured with AuthenticationProvider bean with name authenticationProvider
2025-05-22T00:01:41.785+07:00  WARN 10284 --- [instagram] [main] r$InitializeUserDetailsManagerConfigurer : Global AuthenticationManager configured with an AuthenticationProvider bean. UserDetailsService beans will not be used by Spring Security for automatically configuring username/password login. Consider removing the AuthenticationProvider bean. Alternatively, consider using the UserDetailsService in a manually instantiated DaoAuthenticationProvider. If the current configuration is intentional, to turn off this warning, increase the logging level of 'org.springframework.security.config.annotation.authentication.configuration.InitializeUserDetailsBeanManagerConfigurer' to ERROR
2025-05-22T00:01:41.831+07:00  INFO 10284 --- [instagram] [main] o.s.d.j.r.query.QueryEnhancerFactory     : Hibernate is in classpath; If applicable, HQL parser will be used.
2025-05-22T00:01:43.404+07:00  INFO 10284 --- [instagram] [main] o.s.b.w.embedded.tomcat.TomcatWebServer  : Tomcat started on port 8080 (http) with context path '/'
2025-05-22T00:01:43.416+07:00  INFO 10284 --- [instagram] [main] c.d.instagram.InstagramApplication       : Started InstagramApplication in 7.253 seconds (process running for 7.712)
2025-05-22T00:01:48.892+07:00  INFO 10284 --- [instagram] [http-nio-8080-exec-2] o.a.c.c.C.[Tomcat].[localhost].[/]       : Initializing Spring DispatcherServlet 'dispatcherServlet'
2025-05-22T00:01:48.892+07:00  INFO 10284 --- [instagram] [http-nio-8080-exec-2] o.s.web.servlet.DispatcherServlet        : Initializing Servlet 'dispatcherServlet'
2025-05-22T00:01:48.894+07:00  INFO 10284 --- [instagram] [http-nio-8080-exec-2] o.s.web.servlet.DispatcherServlet        : Completed initialization in 2 ms
2025-05-22T00:05:45.180+07:00  INFO 10284 --- [instagram] [http-nio-8080-exec-5] c.d.instagram.services.UserService       : Fetching user details for username: ngoctran_travels
2025-05-22T00:05:45.237+07:00  INFO 10284 --- [instagram] [http-nio-8080-exec-5] c.d.instagram.services.UserService       : Fetching user details for username: ngoctran_travels
2025-05-22T00:05:47.468+07:00  INFO 10284 --- [instagram] [http-nio-8080-exec-4] c.d.instagram.services.UserService       : Fetching user details for ID: user_001
2025-05-22T00:05:47.478+07:00  INFO 10284 --- [instagram] [http-nio-8080-exec-4] c.d.instagram.services.UserService       : User details retrieved successfully for ID: user_001
2025-05-22T00:05:47.497+07:00  INFO 10284 --- [instagram] [http-nio-8080-exec-4] c.d.instagram.services.UserService       : Fetching user details for ID: user_001
2025-05-22T00:05:47.505+07:00  INFO 10284 --- [instagram] [http-nio-8080-exec-4] c.d.instagram.services.UserService       : User details retrieved successfully for ID: user_001
2025-05-22T00:06:19.234+07:00  INFO 10284 --- [instagram] [http-nio-8080-exec-8] c.d.instagram.services.UserService       : Fetching user details for ID: user_001
2025-05-22T00:06:19.237+07:00  INFO 10284 --- [instagram] [http-nio-8080-exec-8] c.d.instagram.services.UserService       : User details retrieved successfully for ID: user_001
2025-05-22T00:06:19.252+07:00  INFO 10284 --- [instagram] [http-nio-8080-exec-7] c.d.instagram.services.UserService       : Fetching user details for ID: user_001
2025-05-22T00:06:19.257+07:00  INFO 10284 --- [instagram] [http-nio-8080-exec-7] c.d.instagram.services.UserService       : User details retrieved successfully for ID: user_001
2025-05-22T00:07:48.560+07:00  INFO 10284 --- [instagram] [http-nio-8080-exec-2] c.d.instagram.services.UserService       : Fetching user details for ID: user_001
2025-05-22T00:07:48.565+07:00  INFO 10284 --- [instagram] [http-nio-8080-exec-2] c.d.instagram.services.UserService       : User details retrieved successfully for ID: user_001
2025-05-22T00:07:48.581+07:00  INFO 10284 --- [instagram] [http-nio-8080-exec-1] c.d.instagram.services.UserService       : Fetching user details for ID: user_001
2025-05-22T00:07:48.588+07:00  INFO 10284 --- [instagram] [http-nio-8080-exec-1] c.d.instagram.services.UserService       : User details retrieved successfully for ID: user_001
2025-05-22T00:07:55.529+07:00  INFO 10284 --- [instagram] [http-nio-8080-exec-3] c.d.instagram.services.UserService       : Fetching user details for username: ngoctran_travels
2025-05-22T00:07:55.557+07:00  INFO 10284 --- [instagram] [http-nio-8080-exec-4] c.d.instagram.services.UserService       : Fetching user details for username: ngoctran_travels
2025-05-22T00:07:56.576+07:00  INFO 10284 --- [instagram] [http-nio-8080-exec-9] c.d.instagram.services.UserService       : Fetching user details for ID: user_001
2025-05-22T00:07:56.588+07:00  INFO 10284 --- [instagram] [http-nio-8080-exec-9] c.d.instagram.services.UserService       : User details retrieved successfully for ID: user_001
2025-05-22T00:07:56.615+07:00  INFO 10284 --- [instagram] [http-nio-8080-exec-10] c.d.instagram.services.UserService       : Fetching user details for ID: user_001
2025-05-22T00:07:56.620+07:00  INFO 10284 --- [instagram] [http-nio-8080-exec-10] c.d.instagram.services.UserService       : User details retrieved successfully for ID: user_001
2025-05-22T00:07:59.378+07:00  INFO 10284 --- [instagram] [http-nio-8080-exec-3] c.d.instagram.services.UserService       : Fetching user details for ID: user_001
2025-05-22T00:07:59.385+07:00  INFO 10284 --- [instagram] [http-nio-8080-exec-3] c.d.instagram.services.UserService       : User details retrieved successfully for ID: user_001
2025-05-22T00:07:59.404+07:00  INFO 10284 --- [instagram] [http-nio-8080-exec-4] c.d.instagram.services.UserService       : Fetching user details for ID: user_001
2025-05-22T00:07:59.409+07:00  INFO 10284 --- [instagram] [http-nio-8080-exec-4] c.d.instagram.services.UserService       : User details retrieved successfully for ID: user_001
2025-05-22T00:08:14.998+07:00  INFO 10284 --- [instagram] [http-nio-8080-exec-9] c.d.instagram.services.UserService       : Fetching user details for username: ngoctran_travels
2025-05-22T00:08:15.020+07:00  INFO 10284 --- [instagram] [http-nio-8080-exec-10] c.d.instagram.services.UserService       : Fetching user details for username: ngoctran_travels
2025-05-22T00:08:16.567+07:00  INFO 10284 --- [instagram] [http-nio-8080-exec-9] c.d.instagram.services.UserService       : Fetching user details for username: ngoctran_travels
2025-05-22T00:08:16.592+07:00  INFO 10284 --- [instagram] [http-nio-8080-exec-9] c.d.instagram.services.UserService       : Fetching user details for username: ngoctran_travels
2025-05-22T00:08:17.626+07:00  INFO 10284 --- [instagram] [http-nio-8080-exec-5] c.d.instagram.services.UserService       : Fetching user details for ID: user_001
2025-05-22T00:08:17.632+07:00  INFO 10284 --- [instagram] [http-nio-8080-exec-5] c.d.instagram.services.UserService       : User details retrieved successfully for ID: user_001
2025-05-22T00:08:17.651+07:00  INFO 10284 --- [instagram] [http-nio-8080-exec-3] c.d.instagram.services.UserService       : Fetching user details for ID: user_001
2025-05-22T00:08:17.656+07:00  INFO 10284 --- [instagram] [http-nio-8080-exec-3] c.d.instagram.services.UserService       : User details retrieved successfully for ID: user_001
2025-05-22T00:10:05.603+07:00  INFO 10284 --- [instagram] [http-nio-8080-exec-9] c.d.instagram.services.UserService       : Fetching user details for ID: user_001
2025-05-22T00:10:05.609+07:00  INFO 10284 --- [instagram] [http-nio-8080-exec-9] c.d.instagram.services.UserService       : User details retrieved successfully for ID: user_001
2025-05-22T00:10:05.629+07:00  INFO 10284 --- [instagram] [http-nio-8080-exec-1] c.d.instagram.services.UserService       : Fetching user details for ID: user_001
2025-05-22T00:10:05.635+07:00  INFO 10284 --- [instagram] [http-nio-8080-exec-1] c.d.instagram.services.UserService       : User details retrieved successfully for ID: user_001
2025-05-22T00:10:40.319+07:00  INFO 10284 --- [instagram] [http-nio-8080-exec-4] c.d.instagram.services.UserService       : Fetching user details for username: ngoctran_travels
2025-05-22T00:10:40.357+07:00  INFO 10284 --- [instagram] [http-nio-8080-exec-5] c.d.instagram.services.UserService       : Fetching user details for username: ngoctran_travels
2025-05-22T00:10:41.611+07:00  INFO 10284 --- [instagram] [http-nio-8080-exec-9] c.d.instagram.services.UserService       : Fetching user details for ID: user_001
2025-05-22T00:10:41.614+07:00  INFO 10284 --- [instagram] [http-nio-8080-exec-9] c.d.instagram.services.UserService       : User details retrieved successfully for ID: user_001
2025-05-22T00:10:41.629+07:00  INFO 10284 --- [instagram] [http-nio-8080-exec-1] c.d.instagram.services.UserService       : Fetching user details for ID: user_001
2025-05-22T00:10:41.631+07:00  INFO 10284 --- [instagram] [http-nio-8080-exec-1] c.d.instagram.services.UserService       : User details retrieved successfully for ID: user_001
2025-05-22T00:11:10.649+07:00  INFO 10284 --- [instagram] [http-nio-8080-exec-10] c.d.instagram.services.UserService       : Fetching user details for username: ngoctran_travels
2025-05-22T00:11:12.394+07:00  INFO 10284 --- [instagram] [http-nio-8080-exec-9] c.d.instagram.services.UserService       : Fetching user details for username: ngoctran_travels
2025-05-22T00:11:12.415+07:00  INFO 10284 --- [instagram] [http-nio-8080-exec-1] c.d.instagram.services.UserService       : Fetching user details for username: ngoctran_travels
2025-05-22T00:11:14.202+07:00  INFO 10284 --- [instagram] [http-nio-8080-exec-2] c.d.instagram.services.UserService       : Fetching user details for username: ngoctran_travels
2025-05-22T00:11:14.220+07:00  INFO 10284 --- [instagram] [http-nio-8080-exec-6] c.d.instagram.services.UserService       : Fetching user details for username: ngoctran_travels
2025-05-22T00:11:19.008+07:00  INFO 10284 --- [instagram] [http-nio-8080-exec-3] c.d.instagram.services.UserService       : Fetching user details for ID: user_001
2025-05-22T00:11:19.023+07:00  INFO 10284 --- [instagram] [http-nio-8080-exec-3] c.d.instagram.services.UserService       : User details retrieved successfully for ID: user_001
2025-05-22T00:11:19.038+07:00  INFO 10284 --- [instagram] [http-nio-8080-exec-7] c.d.instagram.services.UserService       : Fetching user details for ID: user_001
2025-05-22T00:11:19.043+07:00  INFO 10284 --- [instagram] [http-nio-8080-exec-7] c.d.instagram.services.UserService       : User details retrieved successfully for ID: user_001
2025-05-22T00:14:08.614+07:00  INFO 10284 --- [instagram] [http-nio-8080-exec-9] c.d.instagram.services.UserService       : Fetching user details for ID: user_001
2025-05-22T00:14:08.632+07:00  INFO 10284 --- [instagram] [http-nio-8080-exec-9] c.d.instagram.services.UserService       : User details retrieved successfully for ID: user_001
2025-05-22T00:14:08.655+07:00  INFO 10284 --- [instagram] [http-nio-8080-exec-9] c.d.instagram.services.UserService       : Fetching user details for ID: user_001
2025-05-22T00:14:08.664+07:00  INFO 10284 --- [instagram] [http-nio-8080-exec-9] c.d.instagram.services.UserService       : User details retrieved successfully for ID: user_001
2025-05-22T00:14:47.582+07:00  INFO 10284 --- [instagram] [http-nio-8080-exec-5] c.d.instagram.services.UserService       : Fetching user details for ID: user_001
2025-05-22T00:14:47.595+07:00  INFO 10284 --- [instagram] [http-nio-8080-exec-5] c.d.instagram.services.UserService       : User details retrieved successfully for ID: user_001
2025-05-22T00:14:47.607+07:00  INFO 10284 --- [instagram] [http-nio-8080-exec-4] c.d.instagram.services.UserService       : Fetching user details for ID: user_001
2025-05-22T00:14:47.613+07:00  INFO 10284 --- [instagram] [http-nio-8080-exec-4] c.d.instagram.services.UserService       : User details retrieved successfully for ID: user_001
2025-05-22T00:16:49.602+07:00  INFO 10284 --- [instagram] [http-nio-8080-exec-8] c.d.instagram.services.UserService       : Fetching user details for ID: user_001
2025-05-22T00:16:49.610+07:00  INFO 10284 --- [instagram] [http-nio-8080-exec-8] c.d.instagram.services.UserService       : User details retrieved successfully for ID: user_001
2025-05-22T00:16:49.625+07:00  INFO 10284 --- [instagram] [http-nio-8080-exec-10] c.d.instagram.services.UserService       : Fetching user details for ID: user_001
2025-05-22T00:16:49.629+07:00  INFO 10284 --- [instagram] [http-nio-8080-exec-10] c.d.instagram.services.UserService       : User details retrieved successfully for ID: user_001
2025-05-22T00:17:05.573+07:00  INFO 10284 --- [instagram] [http-nio-8080-exec-1] c.d.instagram.services.UserService       : Fetching user details for ID: user_001
2025-05-22T00:17:05.578+07:00  INFO 10284 --- [instagram] [http-nio-8080-exec-1] c.d.instagram.services.UserService       : User details retrieved successfully for ID: user_001
2025-05-22T00:17:05.601+07:00  INFO 10284 --- [instagram] [http-nio-8080-exec-9] c.d.instagram.services.UserService       : Fetching user details for ID: user_001
2025-05-22T00:17:05.611+07:00  INFO 10284 --- [instagram] [http-nio-8080-exec-9] c.d.instagram.services.UserService       : User details retrieved successfully for ID: user_001
2025-05-22T00:18:12.581+07:00  INFO 10284 --- [instagram] [http-nio-8080-exec-5] c.d.instagram.services.UserService       : Fetching user details for ID: user_001
2025-05-22T00:18:12.587+07:00  INFO 10284 --- [instagram] [http-nio-8080-exec-5] c.d.instagram.services.UserService       : User details retrieved successfully for ID: user_001
2025-05-22T00:18:12.604+07:00  INFO 10284 --- [instagram] [http-nio-8080-exec-4] c.d.instagram.services.UserService       : Fetching user details for ID: user_001
2025-05-22T00:18:12.609+07:00  INFO 10284 --- [instagram] [http-nio-8080-exec-4] c.d.instagram.services.UserService       : User details retrieved successfully for ID: user_001
2025-05-22T00:19:40.732+07:00  INFO 10284 --- [instagram] [http-nio-8080-exec-8] c.d.instagram.services.UserService       : Fetching user details for username: ngoctran_travels
2025-05-22T00:19:40.768+07:00  INFO 10284 --- [instagram] [http-nio-8080-exec-10] c.d.instagram.services.UserService       : Fetching user details for username: ngoctran_travels
2025-05-22T00:21:59.661+07:00  INFO 10284 --- [instagram] [http-nio-8080-exec-3] c.d.instagram.services.UserService       : Fetching user details for ID: user_001
2025-05-22T00:21:59.676+07:00  INFO 10284 --- [instagram] [http-nio-8080-exec-3] c.d.instagram.services.UserService       : User details retrieved successfully for ID: user_001
2025-05-22T00:23:23.604+07:00  INFO 10284 --- [instagram] [http-nio-8080-exec-8] c.d.instagram.services.UserService       : Fetching user details for ID: user_001
2025-05-22T00:23:23.612+07:00  INFO 10284 --- [instagram] [http-nio-8080-exec-8] c.d.instagram.services.UserService       : User details retrieved successfully for ID: user_001
2025-05-22T00:24:02.443+07:00  INFO 10284 --- [instagram] [http-nio-8080-exec-1] c.d.instagram.services.UserService       : Fetching user details for username: ngoctran_travels
2025-05-22T00:24:02.463+07:00  INFO 10284 --- [instagram] [http-nio-8080-exec-9] c.d.instagram.services.UserService       : Fetching user details for username: ngoctran_travels
2025-05-22T00:24:04.100+07:00  INFO 10284 --- [instagram] [http-nio-8080-exec-3] c.d.instagram.services.UserService       : Fetching user details for ID: user_001
2025-05-22T00:24:04.107+07:00  INFO 10284 --- [instagram] [http-nio-8080-exec-3] c.d.instagram.services.UserService       : User details retrieved successfully for ID: user_001
2025-05-22T00:26:00.598+07:00  INFO 10284 --- [instagram] [http-nio-8080-exec-10] c.d.instagram.services.UserService       : Fetching user details for ID: user_001
2025-05-22T00:26:00.601+07:00  INFO 10284 --- [instagram] [http-nio-8080-exec-10] c.d.instagram.services.UserService       : User details retrieved successfully for ID: user_001
2025-05-22T00:26:40.153+07:00  INFO 10284 --- [instagram] [http-nio-8080-exec-9] c.d.instagram.services.UserService       : Fetching user details for ID: user_001
2025-05-22T00:26:40.158+07:00  INFO 10284 --- [instagram] [http-nio-8080-exec-9] c.d.instagram.services.UserService       : User details retrieved successfully for ID: user_001
2025-05-22T00:27:20.181+07:00  INFO 10284 --- [instagram] [http-nio-8080-exec-2] c.d.instagram.services.UserService       : Fetching user details for ID: user_001
2025-05-22T00:27:20.186+07:00  INFO 10284 --- [instagram] [http-nio-8080-exec-2] c.d.instagram.services.UserService       : User details retrieved successfully for ID: user_001
2025-05-22T00:27:44.597+07:00  INFO 10284 --- [instagram] [http-nio-8080-exec-6] c.d.instagram.services.UserService       : Fetching user details for ID: user_001
2025-05-22T00:27:44.608+07:00  INFO 10284 --- [instagram] [http-nio-8080-exec-6] c.d.instagram.services.UserService       : User details retrieved successfully for ID: user_001
2025-05-22T00:29:15.344+07:00  INFO 10284 --- [instagram] [http-nio-8080-exec-5] c.d.instagram.services.UserService       : Fetching user details for username: ngoctran_travels
2025-05-22T00:29:15.367+07:00  INFO 10284 --- [instagram] [http-nio-8080-exec-3] c.d.instagram.services.UserService       : Fetching user details for username: ngoctran_travels
2025-05-22T00:29:29.565+07:00  INFO 10284 --- [instagram] [http-nio-8080-exec-6] c.d.instagram.services.UserService       : Fetching user details for username: ngoctran_travels
2025-05-22T00:29:29.587+07:00  INFO 10284 --- [instagram] [http-nio-8080-exec-4] c.d.instagram.services.UserService       : Fetching user details for username: ngoctran_travels
2025-05-22T00:34:35.841+07:00  INFO 10284 --- [instagram] [http-nio-8080-exec-2] c.d.instagram.services.UserService       : Fetching user details for username: ngoctran_travels
2025-05-22T00:34:35.881+07:00  INFO 10284 --- [instagram] [http-nio-8080-exec-2] c.d.instagram.services.UserService       : Fetching user details for username: ngoctran_travels
2025-05-22T00:34:42.736+07:00  INFO 10284 --- [instagram] [http-nio-8080-exec-10] c.d.instagram.services.UserService       : Fetching user details for ID: user_001
2025-05-22T00:34:42.742+07:00  INFO 10284 --- [instagram] [http-nio-8080-exec-10] c.d.instagram.services.UserService       : User details retrieved successfully for ID: user_001
2025-05-22T00:35:20.218+07:00  INFO 10284 --- [instagram] [http-nio-8080-exec-9] c.d.instagram.services.UserService       : Fetching user details for ID: user_001
2025-05-22T00:35:20.224+07:00  INFO 10284 --- [instagram] [http-nio-8080-exec-9] c.d.instagram.services.UserService       : User details retrieved successfully for ID: user_001
2025-05-22T00:35:34.817+07:00  INFO 10284 --- [instagram] [http-nio-8080-exec-4] c.d.instagram.services.UserService       : Fetching user details for username: ngoctran_travels
2025-05-22T00:35:34.839+07:00  INFO 10284 --- [instagram] [http-nio-8080-exec-6] c.d.instagram.services.UserService       : Fetching user details for username: ngoctran_travels
2025-05-22T00:35:36.265+07:00  INFO 10284 --- [instagram] [http-nio-8080-exec-10] c.d.instagram.services.UserService       : Fetching user details for username: ngoctran_travels
2025-05-22T00:35:36.288+07:00  INFO 10284 --- [instagram] [http-nio-8080-exec-1] c.d.instagram.services.UserService       : Fetching user details for username: ngoctran_travels
2025-05-22T00:35:37.818+07:00  INFO 10284 --- [instagram] [http-nio-8080-exec-9] c.d.instagram.services.UserService       : Fetching user details for username: ngoctran_travels
2025-05-22T00:35:37.839+07:00  INFO 10284 --- [instagram] [http-nio-8080-exec-2] c.d.instagram.services.UserService       : Fetching user details for username: ngoctran_travels
2025-05-22T00:35:40.618+07:00  INFO 10284 --- [instagram] [http-nio-8080-exec-4] c.d.instagram.services.UserService       : Fetching user details for username: ngoctran_travels
2025-05-22T00:35:40.633+07:00  INFO 10284 --- [instagram] [http-nio-8080-exec-6] c.d.instagram.services.UserService       : Fetching user details for username: ngoctran_travels
2025-05-22T00:35:42.451+07:00  INFO 10284 --- [instagram] [http-nio-8080-exec-9] c.d.instagram.services.UserService       : Fetching user details for ID: user_001
2025-05-22T00:35:42.457+07:00  INFO 10284 --- [instagram] [http-nio-8080-exec-9] c.d.instagram.services.UserService       : User details retrieved successfully for ID: user_001
2025-05-22T00:37:22.630+07:00  INFO 10284 --- [instagram] [http-nio-8080-exec-7] c.d.instagram.services.UserService       : Fetching user details for ID: user_001
2025-05-22T00:37:22.638+07:00  INFO 10284 --- [instagram] [http-nio-8080-exec-7] c.d.instagram.services.UserService       : User details retrieved successfully for ID: user_001
2025-05-22T00:38:09.359+07:00  INFO 10284 --- [instagram] [http-nio-8080-exec-3] c.d.instagram.services.UserService       : Fetching user details for ID: user_001
2025-05-22T00:38:09.364+07:00  INFO 10284 --- [instagram] [http-nio-8080-exec-3] c.d.instagram.services.UserService       : User details retrieved successfully for ID: user_001
2025-05-22T00:38:10.546+07:00  INFO 10284 --- [instagram] [http-nio-8080-exec-7] c.d.instagram.services.UserService       : Fetching user details for username: ngoctran_travels
2025-05-22T00:38:10.559+07:00  INFO 10284 --- [instagram] [http-nio-8080-exec-8] c.d.instagram.services.UserService       : Fetching user details for username: ngoctran_travels
2025-05-22T00:38:11.635+07:00  INFO 10284 --- [instagram] [http-nio-8080-exec-3] c.d.instagram.services.UserService       : Fetching user details for username: ngoctran_travels
2025-05-22T00:38:11.653+07:00  INFO 10284 --- [instagram] [http-nio-8080-exec-7] c.d.instagram.services.UserService       : Fetching user details for username: ngoctran_travels
2025-05-22T00:38:12.422+07:00  INFO 10284 --- [instagram] [http-nio-8080-exec-6] c.d.instagram.services.UserService       : Fetching user details for ID: user_001
2025-05-22T00:38:12.427+07:00  INFO 10284 --- [instagram] [http-nio-8080-exec-6] c.d.instagram.services.UserService       : User details retrieved successfully for ID: user_001
2025-05-22T00:39:30.642+07:00  INFO 10284 --- [instagram] [http-nio-8080-exec-8] c.d.instagram.services.UserService       : Fetching user details for ID: user_001
2025-05-22T00:39:30.646+07:00  INFO 10284 --- [instagram] [http-nio-8080-exec-8] c.d.instagram.services.UserService       : User details retrieved successfully for ID: user_001
2025-05-22T00:39:32.558+07:00  INFO 10284 --- [instagram] [http-nio-8080-exec-4] c.d.instagram.services.UserService       : Fetching user details for ID: user_001
2025-05-22T00:39:32.562+07:00  INFO 10284 --- [instagram] [http-nio-8080-exec-4] c.d.instagram.services.UserService       : User details retrieved successfully for ID: user_001
2025-05-22T00:44:00.392+07:00  INFO 10284 --- [instagram] [http-nio-8080-exec-1] c.d.instagram.services.UserService       : Fetching user details for username: ngoctran_travels
2025-05-22T00:44:00.414+07:00  INFO 10284 --- [instagram] [http-nio-8080-exec-6] c.d.instagram.services.UserService       : Fetching user details for username: ngoctran_travels
2025-05-22T00:44:01.892+07:00  INFO 10284 --- [instagram] [http-nio-8080-exec-3] c.d.instagram.services.UserService       : Fetching user details for ID: user_001
2025-05-22T00:44:01.895+07:00  INFO 10284 --- [instagram] [http-nio-8080-exec-3] c.d.instagram.services.UserService       : User details retrieved successfully for ID: user_001
2025-05-22T00:46:57.895+07:00  INFO 10284 --- [instagram] [http-nio-8080-exec-10] c.d.instagram.services.UserService       : Fetching user details for username: ngoctran_travels
2025-05-22T00:46:57.942+07:00  INFO 10284 --- [instagram] [http-nio-8080-exec-2] c.d.instagram.services.UserService       : Fetching user details for username: ngoctran_travels
2025-05-22T00:46:59.882+07:00  INFO 10284 --- [instagram] [http-nio-8080-exec-7] c.d.instagram.services.UserService       : Fetching user details for ID: user_001
2025-05-22T00:46:59.885+07:00  INFO 10284 --- [instagram] [http-nio-8080-exec-7] c.d.instagram.services.UserService       : User details retrieved successfully for ID: user_001
2025-05-22T00:47:37.019+07:00  INFO 10284 --- [instagram] [http-nio-8080-exec-1] c.d.instagram.services.UserService       : Fetching user details for username: ngoctran_travels
2025-05-22T00:47:37.031+07:00  INFO 10284 --- [instagram] [http-nio-8080-exec-3] c.d.instagram.services.UserService       : Fetching user details for username: ngoctran_travels
2025-05-22T00:47:38.423+07:00  INFO 10284 --- [instagram] [http-nio-8080-exec-5] c.d.instagram.services.UserService       : Fetching user details for ID: user_001
2025-05-22T00:47:38.429+07:00  INFO 10284 --- [instagram] [http-nio-8080-exec-5] c.d.instagram.services.UserService       : User details retrieved successfully for ID: user_001
2025-05-22T00:49:01.173+07:00  INFO 10284 --- [instagram] [http-nio-8080-exec-4] c.d.instagram.services.UserService       : Fetching user details for username: ngoctran_travels
2025-05-22T00:49:01.196+07:00  INFO 10284 --- [instagram] [http-nio-8080-exec-7] c.d.instagram.services.UserService       : Fetching user details for username: ngoctran_travels
2025-05-22T00:49:02.162+07:00  INFO 10284 --- [instagram] [http-nio-8080-exec-2] c.d.instagram.services.UserService       : Fetching user details for username: ngoctran_travels
2025-05-22T00:49:02.175+07:00  INFO 10284 --- [instagram] [http-nio-8080-exec-8] c.d.instagram.services.UserService       : Fetching user details for username: ngoctran_travels
2025-05-22T00:49:02.990+07:00  INFO 10284 --- [instagram] [http-nio-8080-exec-6] c.d.instagram.services.UserService       : Fetching user details for ID: user_001
2025-05-22T00:49:02.993+07:00  INFO 10284 --- [instagram] [http-nio-8080-exec-6] c.d.instagram.services.UserService       : User details retrieved successfully for ID: user_001
2025-05-22T00:49:48.451+07:00  INFO 10284 --- [instagram] [http-nio-8080-exec-8] c.d.instagram.services.UserService       : Fetching user details for username: ngoctran_travels
2025-05-22T00:49:48.465+07:00  INFO 10284 --- [instagram] [http-nio-8080-exec-1] c.d.instagram.services.UserService       : Fetching user details for username: ngoctran_travels
2025-05-22T00:49:49.842+07:00  INFO 10284 --- [instagram] [http-nio-8080-exec-5] c.d.instagram.services.UserService       : Fetching user details for ID: user_001
2025-05-22T00:49:49.845+07:00  INFO 10284 --- [instagram] [http-nio-8080-exec-5] c.d.instagram.services.UserService       : User details retrieved successfully for ID: user_001
2025-05-22T00:49:59.164+07:00  INFO 10284 --- [instagram] [http-nio-8080-exec-3] c.d.instagram.services.UserService       : Fetching user details for ID: user_001
2025-05-22T00:49:59.167+07:00  INFO 10284 --- [instagram] [http-nio-8080-exec-3] c.d.instagram.services.UserService       : User details retrieved successfully for ID: user_001
2025-05-22T00:52:29.283+07:00  INFO 10284 --- [instagram] [SpringApplicationShutdownHook] o.s.b.w.e.tomcat.GracefulShutdown        : Commencing graceful shutdown. Waiting for active requests to complete
2025-05-22T00:52:29.380+07:00  INFO 10284 --- [instagram] [tomcat-shutdown] o.s.b.w.e.tomcat.GracefulShutdown        : Graceful shutdown complete
2025-05-22T00:52:29.468+07:00  INFO 10284 --- [instagram] [SpringApplicationShutdownHook] j.LocalContainerEntityManagerFactoryBean : Closing JPA EntityManagerFactory for persistence unit 'default'
2025-05-22T00:52:29.541+07:00  INFO 10284 --- [instagram] [SpringApplicationShutdownHook] com.zaxxer.hikari.HikariDataSource       : HikariPool-1 - Shutdown initiated...
2025-05-22T00:52:29.608+07:00  INFO 10284 --- [instagram] [SpringApplicationShutdownHook] com.zaxxer.hikari.HikariDataSource       : HikariPool-1 - Shutdown completed.
2025-05-22T00:52:35.969+07:00  INFO 10848 --- [instagram] [main] c.d.instagram.InstagramApplication       : Starting InstagramApplication using Java 21.0.2 with PID 10848 (E:\doAnThietKeKienTrucPhanMem\instagram\instagram\target\classes started by Admin in E:\doAnThietKeKienTrucPhanMem\instagram\instagram)
2025-05-22T00:52:35.973+07:00  INFO 10848 --- [instagram] [main] c.d.instagram.InstagramApplication       : No active profile set, falling back to 1 default profile: "default"
2025-05-22T00:52:37.815+07:00  INFO 10848 --- [instagram] [main] .s.d.r.c.RepositoryConfigurationDelegate : Bootstrapping Spring Data JPA repositories in DEFAULT mode.
2025-05-22T00:52:37.981+07:00  INFO 10848 --- [instagram] [main] .s.d.r.c.RepositoryConfigurationDelegate : Finished Spring Data repository scanning in 144 ms. Found 8 JPA repository interfaces.
2025-05-22T00:52:38.784+07:00  INFO 10848 --- [instagram] [main] o.s.b.w.embedded.tomcat.TomcatWebServer  : Tomcat initialized with port 8080 (http)
2025-05-22T00:52:38.802+07:00  INFO 10848 --- [instagram] [main] o.apache.catalina.core.StandardService   : Starting service [Tomcat]
2025-05-22T00:52:38.802+07:00  INFO 10848 --- [instagram] [main] o.apache.catalina.core.StandardEngine    : Starting Servlet engine: [Apache Tomcat/10.1.39]
2025-05-22T00:52:38.860+07:00  INFO 10848 --- [instagram] [main] o.a.c.c.C.[Tomcat].[localhost].[/]       : Initializing Spring embedded WebApplicationContext
2025-05-22T00:52:38.862+07:00  INFO 10848 --- [instagram] [main] w.s.c.ServletWebServerApplicationContext : Root WebApplicationContext: initialization completed in 2799 ms
2025-05-22T00:52:39.073+07:00  INFO 10848 --- [instagram] [main] o.hibernate.jpa.internal.util.LogHelper  : HHH000204: Processing PersistenceUnitInfo [name: default]
2025-05-22T00:52:39.153+07:00  INFO 10848 --- [instagram] [main] org.hibernate.Version                    : HHH000412: Hibernate ORM core version 6.6.11.Final
2025-05-22T00:52:39.210+07:00  INFO 10848 --- [instagram] [main] o.h.c.internal.RegionFactoryInitiator    : HHH000026: Second-level cache disabled
2025-05-22T00:52:39.774+07:00  INFO 10848 --- [instagram] [main] o.s.o.j.p.SpringPersistenceUnitInfo      : No LoadTimeWeaver setup: ignoring JPA class transformer
2025-05-22T00:52:39.825+07:00  INFO 10848 --- [instagram] [main] com.zaxxer.hikari.HikariDataSource       : HikariPool-1 - Starting...
2025-05-22T00:52:40.340+07:00  INFO 10848 --- [instagram] [main] com.zaxxer.hikari.pool.HikariPool        : HikariPool-1 - Added connection com.mysql.cj.jdbc.ConnectionImpl@350567f1
2025-05-22T00:52:40.344+07:00  INFO 10848 --- [instagram] [main] com.zaxxer.hikari.HikariDataSource       : HikariPool-1 - Start completed.
2025-05-22T00:52:40.452+07:00  INFO 10848 --- [instagram] [main] org.hibernate.orm.connections.pooling    : HHH10001005: Database info:
	Database JDBC URL [Connecting through datasource 'HikariDataSource (HikariPool-1)']
	Database driver: undefined/unknown
	Database version: 8.3
	Autocommit mode: undefined/unknown
	Isolation level: undefined/unknown
	Minimum pool size: undefined/unknown
	Maximum pool size: undefined/unknown
2025-05-22T00:52:41.475+07:00  INFO 10848 --- [instagram] [main] o.h.e.t.j.p.i.JtaPlatformInitiator       : HHH000489: No JTA platform available (set 'hibernate.transaction.jta.platform' to enable JTA platform integration)
2025-05-22T00:52:42.203+07:00  INFO 10848 --- [instagram] [main] j.LocalContainerEntityManagerFactoryBean : Initialized JPA EntityManagerFactory for persistence unit 'default'
2025-05-22T00:52:42.618+07:00  INFO 10848 --- [instagram] [main] eAuthenticationProviderManagerConfigurer : Global AuthenticationManager configured with AuthenticationProvider bean with name authenticationProvider
2025-05-22T00:52:42.619+07:00  WARN 10848 --- [instagram] [main] r$InitializeUserDetailsManagerConfigurer : Global AuthenticationManager configured with an AuthenticationProvider bean. UserDetailsService beans will not be used by Spring Security for automatically configuring username/password login. Consider removing the AuthenticationProvider bean. Alternatively, consider using the UserDetailsService in a manually instantiated DaoAuthenticationProvider. If the current configuration is intentional, to turn off this warning, increase the logging level of 'org.springframework.security.config.annotation.authentication.configuration.InitializeUserDetailsBeanManagerConfigurer' to ERROR
2025-05-22T00:52:42.657+07:00  INFO 10848 --- [instagram] [main] o.s.d.j.r.query.QueryEnhancerFactory     : Hibernate is in classpath; If applicable, HQL parser will be used.
2025-05-22T00:52:44.912+07:00  INFO 10848 --- [instagram] [main] o.s.b.w.embedded.tomcat.TomcatWebServer  : Tomcat started on port 8080 (http) with context path '/'
2025-05-22T00:52:44.931+07:00  INFO 10848 --- [instagram] [main] c.d.instagram.InstagramApplication       : Started InstagramApplication in 9.761 seconds (process running for 10.275)
2025-05-22T00:53:05.982+07:00  INFO 10848 --- [instagram] [http-nio-8080-exec-1] o.a.c.c.C.[Tomcat].[localhost].[/]       : Initializing Spring DispatcherServlet 'dispatcherServlet'
2025-05-22T00:53:05.982+07:00  INFO 10848 --- [instagram] [http-nio-8080-exec-1] o.s.web.servlet.DispatcherServlet        : Initializing Servlet 'dispatcherServlet'
2025-05-22T00:53:05.984+07:00  INFO 10848 --- [instagram] [http-nio-8080-exec-1] o.s.web.servlet.DispatcherServlet        : Completed initialization in 2 ms
2025-05-22T00:53:06.353+07:00  INFO 10848 --- [instagram] [http-nio-8080-exec-1] c.d.instagram.services.UserService       : Fetching user details for username: ngoctran_travels
2025-05-22T00:53:06.443+07:00  INFO 10848 --- [instagram] [http-nio-8080-exec-2] c.d.instagram.services.UserService       : Fetching user details for username: ngoctran_travels
2025-05-22T00:53:13.749+07:00  INFO 10848 --- [instagram] [http-nio-8080-exec-10] c.d.instagram.services.UserService       : Fetching user details for ID: user_001
2025-05-22T00:53:13.754+07:00  INFO 10848 --- [instagram] [http-nio-8080-exec-10] c.d.instagram.services.UserService       : User details retrieved successfully for ID: user_001
2025-05-22T00:54:20.762+07:00  INFO 10848 --- [instagram] [http-nio-8080-exec-5] c.d.instagram.services.UserService       : Fetching user details for ID: user_001
2025-05-22T00:54:20.768+07:00  INFO 10848 --- [instagram] [http-nio-8080-exec-5] c.d.instagram.services.UserService       : User details retrieved successfully for ID: user_001
2025-05-22T00:54:22.295+07:00  INFO 10848 --- [instagram] [http-nio-8080-exec-9] c.d.instagram.services.UserService       : Fetching user details for ID: user_001
2025-05-22T00:54:22.305+07:00  INFO 10848 --- [instagram] [http-nio-8080-exec-9] c.d.instagram.services.UserService       : User details retrieved successfully for ID: user_001
2025-05-22T00:54:58.692+07:00  INFO 10848 --- [instagram] [http-nio-8080-exec-6] c.d.instagram.services.UserService       : Fetching user details for ID: user_001
2025-05-22T00:54:58.696+07:00  INFO 10848 --- [instagram] [http-nio-8080-exec-6] c.d.instagram.services.UserService       : User details retrieved successfully for ID: user_001
2025-05-22T00:55:06.353+07:00  INFO 10848 --- [instagram] [http-nio-8080-exec-10] c.d.instagram.services.UserService       : Fetching user details for username: ngoctran_travels
2025-05-22T00:55:06.371+07:00  INFO 10848 --- [instagram] [http-nio-8080-exec-1] c.d.instagram.services.UserService       : Fetching user details for username: ngoctran_travels
2025-05-22T00:56:23.149+07:00  INFO 10848 --- [instagram] [http-nio-8080-exec-5] c.d.instagram.services.UserService       : Fetching user details for username: ngoctran_travels
2025-05-22T00:56:23.189+07:00  INFO 10848 --- [instagram] [http-nio-8080-exec-6] c.d.instagram.services.UserService       : Fetching user details for username: ngoctran_travels
2025-05-22T00:56:24.287+07:00  INFO 10848 --- [instagram] [http-nio-8080-exec-1] c.d.instagram.services.UserService       : Fetching user details for ID: user_001
2025-05-22T00:56:24.292+07:00  INFO 10848 --- [instagram] [http-nio-8080-exec-1] c.d.instagram.services.UserService       : User details retrieved successfully for ID: user_001
2025-05-22T00:56:31.175+07:00  INFO 10848 --- [instagram] [http-nio-8080-exec-6] c.d.instagram.services.UserService       : Fetching user details for username: ngoctran_travels
2025-05-22T00:56:31.192+07:00  INFO 10848 --- [instagram] [http-nio-8080-exec-4] c.d.instagram.services.UserService       : Fetching user details for username: ngoctran_travels
2025-05-22T00:56:38.507+07:00  INFO 10848 --- [instagram] [http-nio-8080-exec-7] c.d.instagram.services.UserService       : Updating user info for ID: user_001
2025-05-22T00:56:38.533+07:00  INFO 10848 --- [instagram] [http-nio-8080-exec-7] c.d.instagram.services.UserService       : User info updated successfully for ID: user_001
2025-05-22T00:56:38.639+07:00  INFO 10848 --- [instagram] [http-nio-8080-exec-1] c.d.instagram.services.UserService       : Updating avatar for user ID: user_001
2025-05-22T00:56:41.788+07:00  INFO 10848 --- [instagram] [http-nio-8080-exec-1] c.d.instagram.services.UserService       : Avatar updated successfully for user ID: user_001
2025-05-22T00:56:43.050+07:00  INFO 10848 --- [instagram] [http-nio-8080-exec-2] c.d.instagram.services.UserService       : Updating avatar for user ID: user_001
2025-05-22T00:56:45.410+07:00  INFO 10848 --- [instagram] [http-nio-8080-exec-2] c.d.instagram.services.UserService       : Avatar updated successfully for user ID: user_001
2025-05-22T00:56:48.068+07:00  INFO 10848 --- [instagram] [http-nio-8080-exec-3] c.d.instagram.services.UserService       : Fetching user details for username: ngoctran_travels
2025-05-22T00:56:48.091+07:00  INFO 10848 --- [instagram] [http-nio-8080-exec-5] c.d.instagram.services.UserService       : Fetching user details for username: ngoctran_travels
2025-05-22T01:04:36.112+07:00  INFO 10848 --- [instagram] [SpringApplicationShutdownHook] o.s.b.w.e.tomcat.GracefulShutdown        : Commencing graceful shutdown. Waiting for active requests to complete
2025-05-22T01:04:36.168+07:00  INFO 10848 --- [instagram] [tomcat-shutdown] o.s.b.w.e.tomcat.GracefulShutdown        : Graceful shutdown complete
2025-05-22T01:04:36.213+07:00  INFO 10848 --- [instagram] [SpringApplicationShutdownHook] j.LocalContainerEntityManagerFactoryBean : Closing JPA EntityManagerFactory for persistence unit 'default'
2025-05-22T01:04:36.252+07:00  INFO 10848 --- [instagram] [SpringApplicationShutdownHook] com.zaxxer.hikari.HikariDataSource       : HikariPool-1 - Shutdown initiated...
2025-05-22T01:04:36.319+07:00  INFO 10848 --- [instagram] [SpringApplicationShutdownHook] com.zaxxer.hikari.HikariDataSource       : HikariPool-1 - Shutdown completed.
2025-05-22T01:04:42.692+07:00  INFO 2656 --- [instagram] [main] c.d.instagram.InstagramApplication       : Starting InstagramApplication using Java 21.0.2 with PID 2656 (E:\doAnThietKeKienTrucPhanMem\instagram\instagram\target\classes started by Admin in E:\doAnThietKeKienTrucPhanMem\instagram\instagram)
2025-05-22T01:04:42.695+07:00  INFO 2656 --- [instagram] [main] c.d.instagram.InstagramApplication       : No active profile set, falling back to 1 default profile: "default"
2025-05-22T01:04:44.014+07:00  INFO 2656 --- [instagram] [main] .s.d.r.c.RepositoryConfigurationDelegate : Bootstrapping Spring Data JPA repositories in DEFAULT mode.
2025-05-22T01:04:44.121+07:00  INFO 2656 --- [instagram] [main] .s.d.r.c.RepositoryConfigurationDelegate : Finished Spring Data repository scanning in 96 ms. Found 8 JPA repository interfaces.
2025-05-22T01:04:44.795+07:00  INFO 2656 --- [instagram] [main] o.s.b.w.embedded.tomcat.TomcatWebServer  : Tomcat initialized with port 8080 (http)
2025-05-22T01:04:44.811+07:00  INFO 2656 --- [instagram] [main] o.apache.catalina.core.StandardService   : Starting service [Tomcat]
2025-05-22T01:04:44.811+07:00  INFO 2656 --- [instagram] [main] o.apache.catalina.core.StandardEngine    : Starting Servlet engine: [Apache Tomcat/10.1.39]
2025-05-22T01:04:44.862+07:00  INFO 2656 --- [instagram] [main] o.a.c.c.C.[Tomcat].[localhost].[/]       : Initializing Spring embedded WebApplicationContext
2025-05-22T01:04:44.863+07:00  INFO 2656 --- [instagram] [main] w.s.c.ServletWebServerApplicationContext : Root WebApplicationContext: initialization completed in 2106 ms
2025-05-22T01:04:45.056+07:00  INFO 2656 --- [instagram] [main] o.hibernate.jpa.internal.util.LogHelper  : HHH000204: Processing PersistenceUnitInfo [name: default]
2025-05-22T01:04:45.130+07:00  INFO 2656 --- [instagram] [main] org.hibernate.Version                    : HHH000412: Hibernate ORM core version 6.6.11.Final
2025-05-22T01:04:45.164+07:00  INFO 2656 --- [instagram] [main] o.h.c.internal.RegionFactoryInitiator    : HHH000026: Second-level cache disabled
2025-05-22T01:04:45.474+07:00  INFO 2656 --- [instagram] [main] o.s.o.j.p.SpringPersistenceUnitInfo      : No LoadTimeWeaver setup: ignoring JPA class transformer
2025-05-22T01:04:45.510+07:00  INFO 2656 --- [instagram] [main] com.zaxxer.hikari.HikariDataSource       : HikariPool-1 - Starting...
2025-05-22T01:04:45.933+07:00  INFO 2656 --- [instagram] [main] com.zaxxer.hikari.pool.HikariPool        : HikariPool-1 - Added connection com.mysql.cj.jdbc.ConnectionImpl@350567f1
2025-05-22T01:04:45.936+07:00  INFO 2656 --- [instagram] [main] com.zaxxer.hikari.HikariDataSource       : HikariPool-1 - Start completed.
2025-05-22T01:04:46.039+07:00  INFO 2656 --- [instagram] [main] org.hibernate.orm.connections.pooling    : HHH10001005: Database info:
	Database JDBC URL [Connecting through datasource 'HikariDataSource (HikariPool-1)']
	Database driver: undefined/unknown
	Database version: 8.3
	Autocommit mode: undefined/unknown
	Isolation level: undefined/unknown
	Minimum pool size: undefined/unknown
	Maximum pool size: undefined/unknown
2025-05-22T01:04:47.078+07:00  INFO 2656 --- [instagram] [main] o.h.e.t.j.p.i.JtaPlatformInitiator       : HHH000489: No JTA platform available (set 'hibernate.transaction.jta.platform' to enable JTA platform integration)
2025-05-22T01:04:47.246+07:00  INFO 2656 --- [instagram] [main] j.LocalContainerEntityManagerFactoryBean : Initialized JPA EntityManagerFactory for persistence unit 'default'
2025-05-22T01:04:47.688+07:00  INFO 2656 --- [instagram] [main] eAuthenticationProviderManagerConfigurer : Global AuthenticationManager configured with AuthenticationProvider bean with name authenticationProvider
2025-05-22T01:04:47.689+07:00  WARN 2656 --- [instagram] [main] r$InitializeUserDetailsManagerConfigurer : Global AuthenticationManager configured with an AuthenticationProvider bean. UserDetailsService beans will not be used by Spring Security for automatically configuring username/password login. Consider removing the AuthenticationProvider bean. Alternatively, consider using the UserDetailsService in a manually instantiated DaoAuthenticationProvider. If the current configuration is intentional, to turn off this warning, increase the logging level of 'org.springframework.security.config.annotation.authentication.configuration.InitializeUserDetailsBeanManagerConfigurer' to ERROR
2025-05-22T01:04:47.732+07:00  INFO 2656 --- [instagram] [main] o.s.d.j.r.query.QueryEnhancerFactory     : Hibernate is in classpath; If applicable, HQL parser will be used.
2025-05-22T01:04:49.536+07:00  INFO 2656 --- [instagram] [main] o.s.b.w.embedded.tomcat.TomcatWebServer  : Tomcat started on port 8080 (http) with context path '/'
2025-05-22T01:04:49.550+07:00  INFO 2656 --- [instagram] [main] c.d.instagram.InstagramApplication       : Started InstagramApplication in 7.45 seconds (process running for 7.962)
2025-05-22T01:06:08.856+07:00  INFO 2656 --- [instagram] [http-nio-8080-exec-3] o.a.c.c.C.[Tomcat].[localhost].[/]       : Initializing Spring DispatcherServlet 'dispatcherServlet'
2025-05-22T01:06:08.858+07:00  INFO 2656 --- [instagram] [http-nio-8080-exec-3] o.s.web.servlet.DispatcherServlet        : Initializing Servlet 'dispatcherServlet'
2025-05-22T01:06:08.860+07:00  INFO 2656 --- [instagram] [http-nio-8080-exec-3] o.s.web.servlet.DispatcherServlet        : Completed initialization in 2 ms
2025-05-22T01:06:09.308+07:00  INFO 2656 --- [instagram] [http-nio-8080-exec-3] c.d.instagram.services.UserService       : Fetching user details for username: ngoctran_travels
2025-05-22T01:06:09.407+07:00  INFO 2656 --- [instagram] [http-nio-8080-exec-1] c.d.instagram.services.UserService       : Fetching user details for username: ngoctran_travels
2025-05-22T01:16:23.729+07:00  INFO 2656 --- [instagram] [SpringApplicationShutdownHook] o.s.b.w.e.tomcat.GracefulShutdown        : Commencing graceful shutdown. Waiting for active requests to complete
2025-05-22T01:16:23.814+07:00  INFO 2656 --- [instagram] [tomcat-shutdown] o.s.b.w.e.tomcat.GracefulShutdown        : Graceful shutdown complete
2025-05-22T01:16:23.864+07:00  INFO 2656 --- [instagram] [SpringApplicationShutdownHook] j.LocalContainerEntityManagerFactoryBean : Closing JPA EntityManagerFactory for persistence unit 'default'
2025-05-22T01:16:23.905+07:00  INFO 2656 --- [instagram] [SpringApplicationShutdownHook] com.zaxxer.hikari.HikariDataSource       : HikariPool-1 - Shutdown initiated...
2025-05-22T01:16:23.985+07:00  INFO 2656 --- [instagram] [SpringApplicationShutdownHook] com.zaxxer.hikari.HikariDataSource       : HikariPool-1 - Shutdown completed.
2025-05-22T01:16:29.862+07:00  INFO 10968 --- [instagram] [main] c.d.instagram.InstagramApplication       : Starting InstagramApplication using Java 21.0.2 with PID 10968 (E:\doAnThietKeKienTrucPhanMem\instagram\instagram\target\classes started by Admin in E:\doAnThietKeKienTrucPhanMem\instagram\instagram)
2025-05-22T01:16:29.867+07:00  INFO 10968 --- [instagram] [main] c.d.instagram.InstagramApplication       : No active profile set, falling back to 1 default profile: "default"
2025-05-22T01:16:31.177+07:00  INFO 10968 --- [instagram] [main] .s.d.r.c.RepositoryConfigurationDelegate : Bootstrapping Spring Data JPA repositories in DEFAULT mode.
2025-05-22T01:16:31.284+07:00  INFO 10968 --- [instagram] [main] .s.d.r.c.RepositoryConfigurationDelegate : Finished Spring Data repository scanning in 97 ms. Found 8 JPA repository interfaces.
2025-05-22T01:16:32.034+07:00  INFO 10968 --- [instagram] [main] o.s.b.w.embedded.tomcat.TomcatWebServer  : Tomcat initialized with port 8080 (http)
2025-05-22T01:16:32.051+07:00  INFO 10968 --- [instagram] [main] o.apache.catalina.core.StandardService   : Starting service [Tomcat]
2025-05-22T01:16:32.052+07:00  INFO 10968 --- [instagram] [main] o.apache.catalina.core.StandardEngine    : Starting Servlet engine: [Apache Tomcat/10.1.39]
2025-05-22T01:16:32.129+07:00  INFO 10968 --- [instagram] [main] o.a.c.c.C.[Tomcat].[localhost].[/]       : Initializing Spring embedded WebApplicationContext
2025-05-22T01:16:32.130+07:00  INFO 10968 --- [instagram] [main] w.s.c.ServletWebServerApplicationContext : Root WebApplicationContext: initialization completed in 2163 ms
2025-05-22T01:16:32.378+07:00  INFO 10968 --- [instagram] [main] o.hibernate.jpa.internal.util.LogHelper  : HHH000204: Processing PersistenceUnitInfo [name: default]
2025-05-22T01:16:32.691+07:00  INFO 10968 --- [instagram] [main] org.hibernate.Version                    : HHH000412: Hibernate ORM core version 6.6.11.Final
2025-05-22T01:16:32.751+07:00  INFO 10968 --- [instagram] [main] o.h.c.internal.RegionFactoryInitiator    : HHH000026: Second-level cache disabled
2025-05-22T01:16:33.128+07:00  INFO 10968 --- [instagram] [main] o.s.o.j.p.SpringPersistenceUnitInfo      : No LoadTimeWeaver setup: ignoring JPA class transformer
2025-05-22T01:16:33.168+07:00  INFO 10968 --- [instagram] [main] com.zaxxer.hikari.HikariDataSource       : HikariPool-1 - Starting...
2025-05-22T01:16:33.636+07:00  INFO 10968 --- [instagram] [main] com.zaxxer.hikari.pool.HikariPool        : HikariPool-1 - Added connection com.mysql.cj.jdbc.ConnectionImpl@63326a3a
2025-05-22T01:16:33.639+07:00  INFO 10968 --- [instagram] [main] com.zaxxer.hikari.HikariDataSource       : HikariPool-1 - Start completed.
2025-05-22T01:16:33.749+07:00  INFO 10968 --- [instagram] [main] org.hibernate.orm.connections.pooling    : HHH10001005: Database info:
	Database JDBC URL [Connecting through datasource 'HikariDataSource (HikariPool-1)']
	Database driver: undefined/unknown
	Database version: 8.3
	Autocommit mode: undefined/unknown
	Isolation level: undefined/unknown
	Minimum pool size: undefined/unknown
	Maximum pool size: undefined/unknown
2025-05-22T01:16:35.087+07:00  INFO 10968 --- [instagram] [main] o.h.e.t.j.p.i.JtaPlatformInitiator       : HHH000489: No JTA platform available (set 'hibernate.transaction.jta.platform' to enable JTA platform integration)
2025-05-22T01:16:35.238+07:00  INFO 10968 --- [instagram] [main] j.LocalContainerEntityManagerFactoryBean : Initialized JPA EntityManagerFactory for persistence unit 'default'
2025-05-22T01:16:35.635+07:00  INFO 10968 --- [instagram] [main] eAuthenticationProviderManagerConfigurer : Global AuthenticationManager configured with AuthenticationProvider bean with name authenticationProvider
2025-05-22T01:16:35.635+07:00  WARN 10968 --- [instagram] [main] r$InitializeUserDetailsManagerConfigurer : Global AuthenticationManager configured with an AuthenticationProvider bean. UserDetailsService beans will not be used by Spring Security for automatically configuring username/password login. Consider removing the AuthenticationProvider bean. Alternatively, consider using the UserDetailsService in a manually instantiated DaoAuthenticationProvider. If the current configuration is intentional, to turn off this warning, increase the logging level of 'org.springframework.security.config.annotation.authentication.configuration.InitializeUserDetailsBeanManagerConfigurer' to ERROR
2025-05-22T01:16:35.672+07:00  INFO 10968 --- [instagram] [main] o.s.d.j.r.query.QueryEnhancerFactory     : Hibernate is in classpath; If applicable, HQL parser will be used.
2025-05-22T01:16:38.598+07:00  INFO 10968 --- [instagram] [main] o.s.b.w.embedded.tomcat.TomcatWebServer  : Tomcat started on port 8080 (http) with context path '/'
2025-05-22T01:16:38.611+07:00  INFO 10968 --- [instagram] [main] c.d.instagram.InstagramApplication       : Started InstagramApplication in 9.336 seconds (process running for 9.788)
2025-05-22T01:18:12.954+07:00  INFO 10968 --- [instagram] [http-nio-8080-exec-2] o.a.c.c.C.[Tomcat].[localhost].[/]       : Initializing Spring DispatcherServlet 'dispatcherServlet'
2025-05-22T01:18:12.956+07:00  INFO 10968 --- [instagram] [http-nio-8080-exec-2] o.s.web.servlet.DispatcherServlet        : Initializing Servlet 'dispatcherServlet'
2025-05-22T01:18:12.971+07:00  INFO 10968 --- [instagram] [http-nio-8080-exec-2] o.s.web.servlet.DispatcherServlet        : Completed initialization in 15 ms
2025-05-22T01:24:42.487+07:00  INFO 10968 --- [instagram] [http-nio-8080-exec-1] c.d.instagram.services.UserService       : Fetching user details for username: ngoctran_travels
2025-05-22T01:24:42.601+07:00  INFO 10968 --- [instagram] [http-nio-8080-exec-2] c.d.instagram.services.UserService       : Fetching user details for username: ngoctran_travels
2025-05-22T01:30:24.786+07:00  INFO 10968 --- [instagram] [http-nio-8080-exec-2] c.d.instagram.services.UserService       : Fetching user details for username: ngoctran_travels
2025-05-22T01:30:24.838+07:00  INFO 10968 --- [instagram] [http-nio-8080-exec-2] c.d.instagram.services.UserService       : Fetching user details for username: ngoctran_travels
2025-05-22T01:30:26.468+07:00  INFO 10968 --- [instagram] [http-nio-8080-exec-7] c.d.instagram.services.UserService       : Fetching user details for username: ngoctran_travels
2025-05-22T01:30:26.538+07:00  INFO 10968 --- [instagram] [http-nio-8080-exec-9] c.d.instagram.services.UserService       : Fetching user details for username: ngoctran_travels
2025-05-22T01:30:28.970+07:00  INFO 10968 --- [instagram] [http-nio-8080-exec-3] c.d.instagram.services.UserService       : Fetching user details for username: ngoctran_travels
2025-05-22T01:30:29.003+07:00  INFO 10968 --- [instagram] [http-nio-8080-exec-8] c.d.instagram.services.UserService       : Fetching user details for username: ngoctran_travels
2025-05-22T01:34:52.309+07:00  INFO 10968 --- [instagram] [http-nio-8080-exec-1] c.d.instagram.services.UserService       : Fetching user details for username: ngoctran_travels
2025-05-22T01:34:52.524+07:00  INFO 10968 --- [instagram] [http-nio-8080-exec-9] c.d.instagram.services.UserService       : Fetching user details for username: ngoctran_travels
2025-05-22T01:34:52.562+07:00  INFO 10968 --- [instagram] [http-nio-8080-exec-6] c.d.instagram.services.UserService       : Fetching user details for username: ngoctran_travels
2025-05-22T01:34:52.891+07:00  INFO 10968 --- [instagram] [http-nio-8080-exec-9] c.d.instagram.services.UserService       : Fetching user details for username: ngoctran_travels
2025-05-22T01:34:52.907+07:00  INFO 10968 --- [instagram] [http-nio-8080-exec-6] c.d.instagram.services.UserService       : Fetching user details for username: ngoctran_travels
2025-05-22T01:34:53.753+07:00  INFO 10968 --- [instagram] [http-nio-8080-exec-9] c.d.instagram.services.UserService       : Fetching user details for username: ngoctran_travels
2025-05-22T01:34:53.770+07:00  INFO 10968 --- [instagram] [http-nio-8080-exec-6] c.d.instagram.services.UserService       : Fetching user details for username: ngoctran_travels
2025-05-22T01:34:54.657+07:00  INFO 10968 --- [instagram] [http-nio-8080-exec-9] c.d.instagram.services.UserService       : Fetching user details for username: ngoctran_travels
2025-05-22T01:34:54.674+07:00  INFO 10968 --- [instagram] [http-nio-8080-exec-7] c.d.instagram.services.UserService       : Fetching user details for username: ngoctran_travels
2025-05-22T01:36:36.122+07:00  INFO 10968 --- [instagram] [http-nio-8080-exec-7] c.d.instagram.services.UserService       : Fetching user details for username: ngoctran_travels
2025-05-22T01:36:36.197+07:00  INFO 10968 --- [instagram] [http-nio-8080-exec-8] c.d.instagram.services.UserService       : Fetching user details for username: ngoctran_travels
2025-05-22T01:36:37.074+07:00  INFO 10968 --- [instagram] [http-nio-8080-exec-3] c.d.instagram.services.UserService       : Fetching user details for username: ngoctran_travels
2025-05-22T01:36:37.091+07:00  INFO 10968 --- [instagram] [http-nio-8080-exec-3] c.d.instagram.services.UserService       : Fetching user details for username: ngoctran_travels
2025-05-22T01:36:37.609+07:00  INFO 10968 --- [instagram] [http-nio-8080-exec-4] c.d.instagram.services.UserService       : Fetching user details for username: ngoctran_travels
2025-05-22T01:36:37.632+07:00  INFO 10968 --- [instagram] [http-nio-8080-exec-1] c.d.instagram.services.UserService       : Fetching user details for username: ngoctran_travels
2025-05-22T01:37:43.525+07:00  INFO 10968 --- [instagram] [http-nio-8080-exec-10] c.d.instagram.services.UserService       : Fetching user details for username: ngoctran_travels
2025-05-22T01:37:43.551+07:00  INFO 10968 --- [instagram] [http-nio-8080-exec-9] c.d.instagram.services.UserService       : Fetching user details for username: ngoctran_travels
2025-05-22T01:37:48.301+07:00  INFO 10968 --- [instagram] [http-nio-8080-exec-9] c.d.instagram.services.UserService       : Fetching user details for username: ngoctran_travels
2025-05-22T01:37:48.383+07:00  INFO 10968 --- [instagram] [http-nio-8080-exec-1] c.d.instagram.services.UserService       : Fetching user details for username: ngoctran_travels
2025-05-22T01:38:14.177+07:00  INFO 10968 --- [instagram] [http-nio-8080-exec-7] c.d.instagram.services.UserService       : Fetching user details for username: ngoctran_travels
2025-05-22T01:38:14.193+07:00  INFO 10968 --- [instagram] [http-nio-8080-exec-5] c.d.instagram.services.UserService       : Fetching user details for username: ngoctran_travels
2025-05-22T01:38:59.433+07:00  INFO 10968 --- [instagram] [http-nio-8080-exec-3] c.d.instagram.services.UserService       : Fetching user details for username: ngoctran_travels
2025-05-22T01:38:59.466+07:00  INFO 10968 --- [instagram] [http-nio-8080-exec-8] c.d.instagram.services.UserService       : Fetching user details for username: ngoctran_travels
2025-05-22T01:39:11.660+07:00  INFO 10968 --- [instagram] [http-nio-8080-exec-10] c.d.instagram.services.UserService       : Fetching user details for username: ngoctran_travels
2025-05-22T01:39:11.671+07:00  INFO 10968 --- [instagram] [http-nio-8080-exec-9] c.d.instagram.services.UserService       : Fetching user details for username: ngoctran_travels
2025-05-22T01:39:25.604+07:00  INFO 10968 --- [instagram] [http-nio-8080-exec-2] c.d.instagram.services.UserService       : Fetching user details for username: ngoctran_travels
2025-05-22T01:39:25.617+07:00  INFO 10968 --- [instagram] [http-nio-8080-exec-5] c.d.instagram.services.UserService       : Fetching user details for username: ngoctran_travels
2025-05-22T01:39:49.597+07:00  INFO 10968 --- [instagram] [http-nio-8080-exec-6] c.d.instagram.services.UserService       : Fetching user details for ID: user_010
2025-05-22T01:39:49.614+07:00  INFO 10968 --- [instagram] [http-nio-8080-exec-6] c.d.instagram.services.UserService       : User details retrieved successfully for ID: user_010
2025-05-22T01:40:59.166+07:00  INFO 10968 --- [instagram] [http-nio-8080-exec-1] c.d.instagram.services.UserService       : Fetching user details for username: ngoctran_travels
2025-05-22T01:40:59.184+07:00  INFO 10968 --- [instagram] [http-nio-8080-exec-7] c.d.instagram.services.UserService       : Fetching user details for username: ngoctran_travels
2025-05-22T01:41:24.955+07:00  INFO 10968 --- [instagram] [http-nio-8080-exec-3] c.d.instagram.services.UserService       : Fetching user details for username: ngoctran_travels
2025-05-22T01:41:24.975+07:00  INFO 10968 --- [instagram] [http-nio-8080-exec-6] c.d.instagram.services.UserService       : Fetching user details for username: ngoctran_travels
2025-05-22T01:42:49.321+07:00  INFO 10968 --- [instagram] [http-nio-8080-exec-1] c.d.instagram.services.UserService       : Fetching user details for username: ngoctran_travels
2025-05-22T01:42:49.337+07:00  INFO 10968 --- [instagram] [http-nio-8080-exec-5] c.d.instagram.services.UserService       : Fetching user details for username: ngoctran_travels
2025-05-22T01:42:58.751+07:00  INFO 10968 --- [instagram] [http-nio-8080-exec-4] c.d.instagram.services.UserService       : Fetching user details for username: ngoctran_travels
2025-05-22T01:42:58.763+07:00  INFO 10968 --- [instagram] [http-nio-8080-exec-4] c.d.instagram.services.UserService       : Fetching user details for username: ngoctran_travels
2025-05-22T01:43:00.420+07:00  INFO 10968 --- [instagram] [http-nio-8080-exec-9] c.d.instagram.services.UserService       : Fetching user details for username: ngoctran_travels
2025-05-22T01:43:00.429+07:00  INFO 10968 --- [instagram] [http-nio-8080-exec-1] c.d.instagram.services.UserService       : Fetching user details for username: ngoctran_travels
2025-05-22T01:48:20.334+07:00  INFO 10968 --- [instagram] [SpringApplicationShutdownHook] o.s.b.w.e.tomcat.GracefulShutdown        : Commencing graceful shutdown. Waiting for active requests to complete
2025-05-22T01:48:20.383+07:00  INFO 10968 --- [instagram] [tomcat-shutdown] o.s.b.w.e.tomcat.GracefulShutdown        : Graceful shutdown complete
2025-05-22T01:48:20.431+07:00  INFO 10968 --- [instagram] [SpringApplicationShutdownHook] j.LocalContainerEntityManagerFactoryBean : Closing JPA EntityManagerFactory for persistence unit 'default'
2025-05-22T01:48:20.482+07:00  INFO 10968 --- [instagram] [SpringApplicationShutdownHook] com.zaxxer.hikari.HikariDataSource       : HikariPool-1 - Shutdown initiated...
2025-05-22T01:48:20.494+07:00  INFO 10968 --- [instagram] [SpringApplicationShutdownHook] com.zaxxer.hikari.HikariDataSource       : HikariPool-1 - Shutdown completed.
2025-05-22T01:48:27.751+07:00  INFO 13864 --- [instagram] [main] c.d.instagram.InstagramApplication       : Starting InstagramApplication using Java 21.0.2 with PID 13864 (E:\doAnThietKeKienTrucPhanMem\instagram\instagram\target\classes started by Admin in E:\doAnThietKeKienTrucPhanMem\instagram\instagram)
2025-05-22T01:48:27.754+07:00  INFO 13864 --- [instagram] [main] c.d.instagram.InstagramApplication       : No active profile set, falling back to 1 default profile: "default"
2025-05-22T01:48:29.395+07:00  INFO 13864 --- [instagram] [main] .s.d.r.c.RepositoryConfigurationDelegate : Bootstrapping Spring Data JPA repositories in DEFAULT mode.
2025-05-22T01:48:29.522+07:00  INFO 13864 --- [instagram] [main] .s.d.r.c.RepositoryConfigurationDelegate : Finished Spring Data repository scanning in 110 ms. Found 8 JPA repository interfaces.
2025-05-22T01:48:30.393+07:00  INFO 13864 --- [instagram] [main] o.s.b.w.embedded.tomcat.TomcatWebServer  : Tomcat initialized with port 8080 (http)
2025-05-22T01:48:30.426+07:00  INFO 13864 --- [instagram] [main] o.apache.catalina.core.StandardService   : Starting service [Tomcat]
2025-05-22T01:48:30.427+07:00  INFO 13864 --- [instagram] [main] o.apache.catalina.core.StandardEngine    : Starting Servlet engine: [Apache Tomcat/10.1.39]
2025-05-22T01:48:30.501+07:00  INFO 13864 --- [instagram] [main] o.a.c.c.C.[Tomcat].[localhost].[/]       : Initializing Spring embedded WebApplicationContext
2025-05-22T01:48:30.502+07:00  INFO 13864 --- [instagram] [main] w.s.c.ServletWebServerApplicationContext : Root WebApplicationContext: initialization completed in 2664 ms
2025-05-22T01:48:30.691+07:00  INFO 13864 --- [instagram] [main] o.hibernate.jpa.internal.util.LogHelper  : HHH000204: Processing PersistenceUnitInfo [name: default]
2025-05-22T01:48:30.755+07:00  INFO 13864 --- [instagram] [main] org.hibernate.Version                    : HHH000412: Hibernate ORM core version 6.6.11.Final
2025-05-22T01:48:30.806+07:00  INFO 13864 --- [instagram] [main] o.h.c.internal.RegionFactoryInitiator    : HHH000026: Second-level cache disabled
2025-05-22T01:48:31.293+07:00  INFO 13864 --- [instagram] [main] o.s.o.j.p.SpringPersistenceUnitInfo      : No LoadTimeWeaver setup: ignoring JPA class transformer
2025-05-22T01:48:31.338+07:00  INFO 13864 --- [instagram] [main] com.zaxxer.hikari.HikariDataSource       : HikariPool-1 - Starting...
2025-05-22T01:48:31.845+07:00  INFO 13864 --- [instagram] [main] com.zaxxer.hikari.pool.HikariPool        : HikariPool-1 - Added connection com.mysql.cj.jdbc.ConnectionImpl@35e75f7a
2025-05-22T01:48:31.848+07:00  INFO 13864 --- [instagram] [main] com.zaxxer.hikari.HikariDataSource       : HikariPool-1 - Start completed.
2025-05-22T01:48:31.953+07:00  INFO 13864 --- [instagram] [main] org.hibernate.orm.connections.pooling    : HHH10001005: Database info:
	Database JDBC URL [Connecting through datasource 'HikariDataSource (HikariPool-1)']
	Database driver: undefined/unknown
	Database version: 8.3
	Autocommit mode: undefined/unknown
	Isolation level: undefined/unknown
	Minimum pool size: undefined/unknown
	Maximum pool size: undefined/unknown
2025-05-22T01:48:33.227+07:00  INFO 13864 --- [instagram] [main] o.h.e.t.j.p.i.JtaPlatformInitiator       : HHH000489: No JTA platform available (set 'hibernate.transaction.jta.platform' to enable JTA platform integration)
2025-05-22T01:48:33.448+07:00  INFO 13864 --- [instagram] [main] j.LocalContainerEntityManagerFactoryBean : Initialized JPA EntityManagerFactory for persistence unit 'default'
2025-05-22T01:48:33.909+07:00  INFO 13864 --- [instagram] [main] eAuthenticationProviderManagerConfigurer : Global AuthenticationManager configured with AuthenticationProvider bean with name authenticationProvider
2025-05-22T01:48:33.910+07:00  WARN 13864 --- [instagram] [main] r$InitializeUserDetailsManagerConfigurer : Global AuthenticationManager configured with an AuthenticationProvider bean. UserDetailsService beans will not be used by Spring Security for automatically configuring username/password login. Consider removing the AuthenticationProvider bean. Alternatively, consider using the UserDetailsService in a manually instantiated DaoAuthenticationProvider. If the current configuration is intentional, to turn off this warning, increase the logging level of 'org.springframework.security.config.annotation.authentication.configuration.InitializeUserDetailsBeanManagerConfigurer' to ERROR
2025-05-22T01:48:33.950+07:00  INFO 13864 --- [instagram] [main] o.s.d.j.r.query.QueryEnhancerFactory     : Hibernate is in classpath; If applicable, HQL parser will be used.
2025-05-22T01:48:37.772+07:00  INFO 13864 --- [instagram] [main] o.s.b.w.embedded.tomcat.TomcatWebServer  : Tomcat started on port 8080 (http) with context path '/'
2025-05-22T01:48:37.782+07:00  INFO 13864 --- [instagram] [main] c.d.instagram.InstagramApplication       : Started InstagramApplication in 10.719 seconds (process running for 11.262)
2025-05-22T01:48:45.319+07:00  INFO 13864 --- [instagram] [http-nio-8080-exec-1] o.a.c.c.C.[Tomcat].[localhost].[/]       : Initializing Spring DispatcherServlet 'dispatcherServlet'
2025-05-22T01:48:45.320+07:00  INFO 13864 --- [instagram] [http-nio-8080-exec-1] o.s.web.servlet.DispatcherServlet        : Initializing Servlet 'dispatcherServlet'
2025-05-22T01:48:45.321+07:00  INFO 13864 --- [instagram] [http-nio-8080-exec-1] o.s.web.servlet.DispatcherServlet        : Completed initialization in 1 ms
2025-05-22T01:48:58.277+07:00  INFO 13864 --- [instagram] [SpringApplicationShutdownHook] o.s.b.w.e.tomcat.GracefulShutdown        : Commencing graceful shutdown. Waiting for active requests to complete
2025-05-22T01:48:58.352+07:00  INFO 13864 --- [instagram] [tomcat-shutdown] o.s.b.w.e.tomcat.GracefulShutdown        : Graceful shutdown complete
2025-05-22T01:48:58.369+07:00  INFO 13864 --- [instagram] [SpringApplicationShutdownHook] j.LocalContainerEntityManagerFactoryBean : Closing JPA EntityManagerFactory for persistence unit 'default'
2025-05-22T01:48:58.407+07:00  INFO 13864 --- [instagram] [SpringApplicationShutdownHook] com.zaxxer.hikari.HikariDataSource       : HikariPool-1 - Shutdown initiated...
2025-05-22T01:48:58.449+07:00  INFO 13864 --- [instagram] [SpringApplicationShutdownHook] com.zaxxer.hikari.HikariDataSource       : HikariPool-1 - Shutdown completed.
